[debug] [2023-07-31T14:24:29.916Z] ----------------------------------------------------------------------
[debug] [2023-07-31T14:24:29.917Z] Command:       /usr/local/bin/node /usr/local/bin/Firebase init
[debug] [2023-07-31T14:24:29.917Z] CLI Version:   12.4.6
[debug] [2023-07-31T14:24:29.918Z] Platform:      darwin
[debug] [2023-07-31T14:24:29.918Z] Node Version:  v19.7.0
[debug] [2023-07-31T14:24:29.918Z] Time:          Mon Jul 31 2023 19:54:29 GMT+0530 (India Standard Time)
[debug] [2023-07-31T14:24:29.918Z] ----------------------------------------------------------------------
[debug] 
[debug] [2023-07-31T14:24:29.919Z] >>> [apiv2][query] GET https://firebase-public.firebaseio.com/cli.json [none]
[debug] [2023-07-31T14:24:29.939Z] > command requires scopes: ["email","openid","https://www.googleapis.com/auth/cloudplatformprojects.readonly","https://www.googleapis.com/auth/firebase","https://www.googleapis.com/auth/cloud-platform"]
[debug] [2023-07-31T14:24:29.939Z] > authorizing via signed-in user (vanditachauhan171@gmail.com)
[info] 
     ######## #### ########  ######## ########     ###     ######  ########
     ##        ##  ##     ## ##       ##     ##  ##   ##  ##       ##
     ######    ##  ########  ######   ########  #########  ######  ######
     ##        ##  ##    ##  ##       ##     ## ##     ##       ## ##
     ##       #### ##     ## ######## ########  ##     ##  ######  ########

You're about to initialize a Firebase project in this directory:

  /Users/vanditachauhan/plotline

[debug] [2023-07-31T14:24:30.603Z] <<< [apiv2][status] GET https://firebase-public.firebaseio.com/cli.json 200
[debug] [2023-07-31T14:24:30.604Z] <<< [apiv2][body] GET https://firebase-public.firebaseio.com/cli.json {"cloudBuildErrorAfter":1594252800000,"cloudBuildWarnAfter":1590019200000,"defaultNode10After":1594252800000,"minVersion":"3.0.5","node8DeploysDisabledAfter":1613390400000,"node8RuntimeDisabledAfter":1615809600000,"node8WarnAfter":1600128000000}
[info] 
=== Project Setup
[info] 
[info] First, let's associate this project directory with a Firebase project.
[info] You can create multiple project aliases by running firebase use --add, 
[info] but for now we'll just set up a default project.
[info] 
[debug] [2023-07-31T14:25:19.007Z] > refreshing access token with scopes: []
[debug] [2023-07-31T14:25:19.009Z] >>> [apiv2][query] POST https://www.googleapis.com/oauth2/v3/token [none]
[debug] [2023-07-31T14:25:19.010Z] >>> [apiv2][body] POST https://www.googleapis.com/oauth2/v3/token [omitted]
[debug] [2023-07-31T14:25:19.255Z] <<< [apiv2][status] POST https://www.googleapis.com/oauth2/v3/token 200
[debug] [2023-07-31T14:25:19.255Z] <<< [apiv2][body] POST https://www.googleapis.com/oauth2/v3/token [omitted]
[debug] [2023-07-31T14:25:19.276Z] >>> [apiv2][query] GET https://firebase.googleapis.com/v1beta1/projects pageSize=100
[debug] [2023-07-31T14:25:20.178Z] <<< [apiv2][status] GET https://firebase.googleapis.com/v1beta1/projects 200
[debug] [2023-07-31T14:25:20.178Z] <<< [apiv2][body] GET https://firebase.googleapis.com/v1beta1/projects [omitted]
[debug] [2023-07-31T15:01:06.826Z] Error: read EIO
    at TTY.onStreamRead (node:internal/stream_base_commons:217:20)
